2018-01-10 21:31:04,796 [INFO] from application in ForkJoinPool-1-worker-1 - ApplicationTimer demo: Starting application at 2018-01-10T20:31:04.796Z
2018-01-10 21:31:05,136 [INFO] from play.api.Play in ForkJoinPool-1-worker-1 - Application started (Dev)
2018-01-10 21:32:21,823 [ERROR] from application in application-akka.actor.default-dispatcher-30 - 

! @76i6984fh - Internal server error, for (GET) [/] ->
 
play.api.http.HttpErrorHandlerExceptions$$anon$1: Execution exception[[CompletionException: java.lang.NullPointerException]]
	at play.api.http.HttpErrorHandlerExceptions$.throwableToUsefulException(HttpErrorHandler.scala:293)
	at play.api.http.DefaultHttpErrorHandler.onServerError(HttpErrorHandler.scala:220)
	at play.api.GlobalSettings$class.onError(GlobalSettings.scala:160)
	at play.api.DefaultGlobal$.onError(GlobalSettings.scala:188)
	at play.api.http.GlobalSettingsHttpErrorHandler.onServerError(HttpErrorHandler.scala:100)
	at play.core.server.netty.PlayRequestHandler$$anonfun$2$$anonfun$apply$1.applyOrElse(PlayRequestHandler.scala:100)
	at play.core.server.netty.PlayRequestHandler$$anonfun$2$$anonfun$apply$1.applyOrElse(PlayRequestHandler.scala:99)
	at scala.concurrent.Future$$anonfun$recoverWith$1.apply(Future.scala:344)
	at scala.concurrent.Future$$anonfun$recoverWith$1.apply(Future.scala:343)
	at scala.concurrent.impl.CallbackRunnable.run(Promise.scala:32)
	at play.api.libs.iteratee.Execution$trampoline$.executeScheduled(Execution.scala:109)
	at play.api.libs.iteratee.Execution$trampoline$.execute(Execution.scala:71)
	at scala.concurrent.impl.CallbackRunnable.executeWithValue(Promise.scala:40)
	at scala.concurrent.impl.Promise$DefaultPromise.tryComplete(Promise.scala:248)
	at scala.concurrent.Promise$class.complete(Promise.scala:55)
	at scala.concurrent.impl.Promise$DefaultPromise.complete(Promise.scala:153)
	at scala.concurrent.impl.Future$PromiseCompletingRunnable.run(Future.scala:23)
	at akka.dispatch.TaskInvocation.run(AbstractDispatcher.scala:39)
	at akka.dispatch.ForkJoinExecutorConfigurator$AkkaForkJoinTask.exec(AbstractDispatcher.scala:415)
	at scala.concurrent.forkjoin.ForkJoinTask.doExec(ForkJoinTask.java:260)
	at scala.concurrent.forkjoin.ForkJoinPool$WorkQueue.runTask(ForkJoinPool.java:1339)
	at scala.concurrent.forkjoin.ForkJoinPool.runWorker(ForkJoinPool.java:1979)
	at scala.concurrent.forkjoin.ForkJoinWorkerThread.run(ForkJoinWorkerThread.java:107)
Caused by: java.util.concurrent.CompletionException: java.lang.NullPointerException
	at java.util.concurrent.CompletableFuture.encodeThrowable(CompletableFuture.java:292)
	at java.util.concurrent.CompletableFuture.completeThrowable(CompletableFuture.java:308)
	at java.util.concurrent.CompletableFuture.uniApply(CompletableFuture.java:593)
	at java.util.concurrent.CompletableFuture$UniApply.tryFire(CompletableFuture.java:577)
	at java.util.concurrent.CompletableFuture.postComplete(CompletableFuture.java:474)
	at java.util.concurrent.CompletableFuture.completeExceptionally(CompletableFuture.java:1977)
	at scala.concurrent.java8.FuturesConvertersImpl$CF.apply(FutureConvertersImpl.scala:21)
	at scala.concurrent.java8.FuturesConvertersImpl$CF.apply(FutureConvertersImpl.scala:18)
	at scala.concurrent.impl.CallbackRunnable.run(Promise.scala:32)
	at scala.concurrent.BatchingExecutor$Batch$$anonfun$run$1.processBatch$1(BatchingExecutor.scala:63)
	at scala.concurrent.BatchingExecutor$Batch$$anonfun$run$1.apply$mcV$sp(BatchingExecutor.scala:78)
	at scala.concurrent.BatchingExecutor$Batch$$anonfun$run$1.apply(BatchingExecutor.scala:55)
	at scala.concurrent.BatchingExecutor$Batch$$anonfun$run$1.apply(BatchingExecutor.scala:55)
	at scala.concurrent.BlockContext$.withBlockContext(BlockContext.scala:72)
	at scala.concurrent.BatchingExecutor$Batch.run(BatchingExecutor.scala:54)
	at scala.concurrent.Future$InternalCallbackExecutor$.unbatchedExecute(Future.scala:599)
	at scala.concurrent.BatchingExecutor$class.execute(BatchingExecutor.scala:106)
	at scala.concurrent.Future$InternalCallbackExecutor$.execute(Future.scala:597)
	at scala.concurrent.impl.CallbackRunnable.executeWithValue(Promise.scala:40)
	at scala.concurrent.impl.Promise$DefaultPromise.tryComplete(Promise.scala:248)
	at scala.concurrent.Promise$class.tryFailure(Promise.scala:112)
	at scala.concurrent.impl.Promise$DefaultPromise.tryFailure(Promise.scala:153)
	at play.api.mvc.Filter$$anon$1$$anonfun$apply$4$$anonfun$apply$1.applyOrElse(Filters.scala:83)
	at play.api.mvc.Filter$$anon$1$$anonfun$apply$4$$anonfun$apply$1.applyOrElse(Filters.scala:77)
	at scala.concurrent.Future$$anonfun$recoverWith$1.apply(Future.scala:344)
	at scala.concurrent.Future$$anonfun$recoverWith$1.apply(Future.scala:343)
	at scala.concurrent.impl.CallbackRunnable.run(Promise.scala:32)
	at akka.dispatch.BatchingExecutor$AbstractBatch.processBatch(BatchingExecutor.scala:55)
	at akka.dispatch.BatchingExecutor$BlockableBatch$$anonfun$run$1.apply$mcV$sp(BatchingExecutor.scala:91)
	at akka.dispatch.BatchingExecutor$BlockableBatch$$anonfun$run$1.apply(BatchingExecutor.scala:91)
	at akka.dispatch.BatchingExecutor$BlockableBatch$$anonfun$run$1.apply(BatchingExecutor.scala:91)
	at scala.concurrent.BlockContext$.withBlockContext(BlockContext.scala:72)
	at akka.dispatch.BatchingExecutor$BlockableBatch.run(BatchingExecutor.scala:90)
	... 6 common frames omitted
Caused by: java.lang.NullPointerException: null
	at controllers.HomeController.index(HomeController.java:27)
	at router.Routes$$anonfun$routes$1$$anonfun$applyOrElse$1$$anonfun$apply$1.apply(Routes.scala:655)
	at router.Routes$$anonfun$routes$1$$anonfun$applyOrElse$1$$anonfun$apply$1.apply(Routes.scala:655)
	at play.core.routing.HandlerInvokerFactory$$anon$4.resultCall(HandlerInvoker.scala:157)
	at play.core.routing.HandlerInvokerFactory$$anon$4.resultCall(HandlerInvoker.scala:156)
	at play.core.routing.HandlerInvokerFactory$JavaActionInvokerFactory$$anon$14$$anon$3$$anon$1.invocation(HandlerInvoker.scala:136)
	at play.core.j.JavaAction$$anon$1.call(JavaAction.scala:73)
	at play.http.HttpRequestHandler$1.call(HttpRequestHandler.java:54)
	at play.mvc.Security$AuthenticatedAction.call(Security.java:53)
	at play.core.j.JavaAction$$anonfun$7.apply(JavaAction.scala:108)
	at play.core.j.JavaAction$$anonfun$7.apply(JavaAction.scala:108)
	at scala.concurrent.impl.Future$PromiseCompletingRunnable.liftedTree1$1(Future.scala:24)
	at scala.concurrent.impl.Future$PromiseCompletingRunnable.run(Future.scala:24)
	at play.core.j.HttpExecutionContext$$anon$2.run(HttpExecutionContext.scala:56)
	at play.api.libs.iteratee.Execution$trampoline$.execute(Execution.scala:70)
	at play.core.j.HttpExecutionContext.execute(HttpExecutionContext.scala:48)
	at scala.concurrent.impl.Future$.apply(Future.scala:31)
	at scala.concurrent.Future$.apply(Future.scala:492)
	at play.core.j.JavaAction.apply(JavaAction.scala:108)
	at play.api.mvc.Action$$anonfun$apply$2$$anonfun$apply$5$$anonfun$apply$6.apply(Action.scala:112)
	at play.api.mvc.Action$$anonfun$apply$2$$anonfun$apply$5$$anonfun$apply$6.apply(Action.scala:112)
	at play.utils.Threads$.withContextClassLoader(Threads.scala:21)
	at play.api.mvc.Action$$anonfun$apply$2$$anonfun$apply$5.apply(Action.scala:111)
	at play.api.mvc.Action$$anonfun$apply$2$$anonfun$apply$5.apply(Action.scala:110)
	at scala.Option.map(Option.scala:146)
	at play.api.mvc.Action$$anonfun$apply$2.apply(Action.scala:110)
	at play.api.mvc.Action$$anonfun$apply$2.apply(Action.scala:103)
	at scala.concurrent.Future$$anonfun$flatMap$1.apply(Future.scala:251)
	at scala.concurrent.Future$$anonfun$flatMap$1.apply(Future.scala:249)
	... 13 common frames omitted
